<?xml version="1.0" encoding="UTF-8"?>
<testsuite xmlns:xsi="http://www.w3.org/2001/XMLSchema-instance" xsi:noNamespaceSchemaLocation="https://maven.apache.org/surefire/maven-surefire-plugin/xsd/surefire-test-report-3.0.xsd" version="3.0" name="testrunner.CoreProductCucumberTest" time="156.64" tests="2" errors="0" skipped="0" failures="0">
  <properties>
[...]
</properties>
  <testcase name="runScenario[&quot;Retrieve details of all Men&apos;s Jackets and store them in a file&quot;, &quot;Validate Core Product Home Page and News and Features Page&quot;](1)" classname="testrunner.CoreProductCucumberTest" time="138.024">
    <system-out><![CDATA[
@CoreProduct @Smoke @Regression
Scenario: Retrieve details of all Men's Jackets and store them in a file     # src/test/resources/features/CoreProduct.feature:5
2024-12-05 18:43:06.877 [main] INFO  common.DriverUtilities - Driver successfully initiated for browser : chrome
2024-12-05 18:43:07.051 [main] INFO  common.DriverUtilities - Loading URL: https://www.nba.com/warriors/
  Given User is on Core Product Home Page                                    # stepdefinitions.CoreProductSteps.user_is_on_core_product_home_page()
  When Navigate to Men's Page                                                # stepdefinitions.CoreProductSteps.navigate_to_men_s_page()
  And Find all Jackets                                                       # stepdefinitions.CoreProductSteps.find_all_jackets()
  And For each Jacket, retrieve Price, Title and Top Seller Message (if any) # stepdefinitions.CoreProductSteps.for_each_jacket_retrieve_price_title_and_top_seller_message_if_any()
  And Store the Jacket details in a file                                     # stepdefinitions.CoreProductSteps.store_the_jacket_details_in_a_file()

    Embedding Jacket Details Text File [text/plain 268869 bytes]

2024-12-05 18:45:20.457 [main] INFO  common.DriverUtilities - Quit Browser Session
]]></system-out>
  </testcase>
  <testcase name="runScenario[&quot;On News &amp; Features page, identify the count of videos older than 3d&quot;, &quot;Validate Core Product Home Page and News and Features Page&quot;](2)" classname="testrunner.CoreProductCucumberTest" time="16.137">
    <system-out><![CDATA[
@CoreProduct @Smoke
Scenario: On News & Features page, identify the count of videos older than 3d # src/test/resources/features/CoreProduct.feature:13
2024-12-05 18:45:22.673 [main] INFO  common.DriverUtilities - Driver successfully initiated for browser : chrome
2024-12-05 18:45:22.924 [main] INFO  common.DriverUtilities - Loading URL: https://www.nba.com/warriors/
  Given User is on Core Product Home Page                                     # stepdefinitions.CoreProductSteps.user_is_on_core_product_home_page()
  When Navigate to News and Features Page                                     # stepdefinitions.CoreProductSteps.navigate_to_news_and_features_page()

***********Count of Video Feeds : 22
2024-12-05 18:45:36.777 [main] INFO  common.DriverUtilities - Count of Video Feeds : 22
  And Identify and count the number of Video feeds                            # stepdefinitions.CoreProductSteps.identify_and_count_the_number_of_video_feeds()
check1[1, 1, 1, 1, 1, 1, 1, 1, 1, 1, 1, 1, 1, 1, 1, 1, 1, 1, 1, 4, 4, 4]

***********Count of videos greater than 3d: 3
2024-12-05 18:45:36.777 [main] INFO  common.DriverUtilities - Count of videos greater than 3d : 22
  And Find the count of Videos which are older than 3d                        # stepdefinitions.CoreProductSteps.find_the_count_of_videos_which_are_older_than_3_days()
  Then Validate that list of Video feeds is not empty                         # stepdefinitions.CoreProductSteps.validate_that_list_of_video_feeds_is_not_empty()

    Embedding Jacket Details Text File [text/plain 268869 bytes]

2024-12-05 18:45:36.816 [main] INFO  common.DriverUtilities - Quit Browser Session
]]></system-out>
  </testcase>
</testsuite>