<?xml version="1.0" encoding="UTF-8"?>
<testng-results ignored="0" total="2" passed="2" failed="0" skipped="0">
  <reporter-output>
  </reporter-output>
  <suite started-at="2024-12-05T18:43:01 IST" name="Surefire suite" finished-at="2024-12-05T18:45:37 IST" duration-ms="155560">
    <groups>
      <group name="cucumber">
        <method signature="AbstractTestNGCucumberTests.runScenario(io.cucumber.testng.PickleWrapper,io.cucumber.testng.FeatureWrapper)[pri:0, instance:testrunner.CoreProductCucumberTest@1139b2f3]" name="runScenario" class="io.cucumber.testng.AbstractTestNGCucumberTests"/>
      </group> <!-- cucumber -->
    </groups>
    <test started-at="2024-12-05T18:43:01 IST" name="Surefire test" finished-at="2024-12-05T18:45:37 IST" duration-ms="155560">
      <class name="testrunner.CoreProductCucumberTest">
        <test-method is-config="true" signature="setUpClass(org.testng.ITestContext)[pri:0, instance:testrunner.CoreProductCucumberTest@1139b2f3]" started-at="2024-12-05T18:43:01 IST" name="setUpClass" finished-at="2024-12-05T18:43:03 IST" duration-ms="1196" status="PASS">
          <params>
            <param index="0">
              <value>
                <![CDATA[org.testng.TestRunner@46039a21]]>
              </value>
            </param>
          </params>
          <reporter-output>
          </reporter-output>
        </test-method> <!-- setUpClass -->
        <test-method signature="runScenario(io.cucumber.testng.PickleWrapper,io.cucumber.testng.FeatureWrapper)[pri:0, instance:testrunner.CoreProductCucumberTest@1139b2f3]" started-at="2024-12-05T18:43:03 IST" name="runScenario" description="Runs Cucumber Scenarios" data-provider="scenarios" finished-at="2024-12-05T18:45:21 IST" duration-ms="138010" status="PASS">
          <params>
            <param index="0">
              <value>
                <![CDATA["Retrieve details of all Men's Jackets and store them in a file"]]>
              </value>
            </param>
            <param index="1">
              <value>
                <![CDATA["Validate Core Product Home Page and News and Features Page"]]>
              </value>
            </param>
          </params>
          <reporter-output>
          </reporter-output>
        </test-method> <!-- runScenario -->
        <test-method signature="runScenario(io.cucumber.testng.PickleWrapper,io.cucumber.testng.FeatureWrapper)[pri:0, instance:testrunner.CoreProductCucumberTest@1139b2f3]" started-at="2024-12-05T18:45:21 IST" name="runScenario" description="Runs Cucumber Scenarios" data-provider="scenarios" finished-at="2024-12-05T18:45:37 IST" duration-ms="16137" status="PASS">
          <params>
            <param index="0">
              <value>
                <![CDATA["On News & Features page, identify the count of videos older than 3d"]]>
              </value>
            </param>
            <param index="1">
              <value>
                <![CDATA["Validate Core Product Home Page and News and Features Page"]]>
              </value>
            </param>
          </params>
          <reporter-output>
          </reporter-output>
        </test-method> <!-- runScenario -->
        <test-method is-config="true" signature="tearDownClass()[pri:0, instance:testrunner.CoreProductCucumberTest@1139b2f3]" started-at="2024-12-05T18:45:37 IST" name="tearDownClass" finished-at="2024-12-05T18:45:37 IST" duration-ms="126" status="PASS">
          <reporter-output>
          </reporter-output>
        </test-method> <!-- tearDownClass -->
      </class> <!-- testrunner.CoreProductCucumberTest -->
    </test> <!-- Surefire test -->
  </suite> <!-- Surefire suite -->
</testng-results>
