<?xml version="1.0" encoding="UTF-8"?>
<testng-results ignored="0" total="1" passed="1" failed="0" skipped="0">
  <reporter-output>
  </reporter-output>
  <suite started-at="2024-12-05T18:45:42 IST" name="Surefire suite" finished-at="2024-12-05T18:49:19 IST" duration-ms="217207">
    <groups>
      <group name="cucumber">
        <method signature="AbstractTestNGCucumberTests.runScenario(io.cucumber.testng.PickleWrapper,io.cucumber.testng.FeatureWrapper)[pri:0, instance:testrunner.DP1CucumberTest@1139b2f3]" name="runScenario" class="io.cucumber.testng.AbstractTestNGCucumberTests"/>
      </group> <!-- cucumber -->
    </groups>
    <test started-at="2024-12-05T18:45:42 IST" name="Surefire test" finished-at="2024-12-05T18:49:19 IST" duration-ms="217207">
      <class name="testrunner.DP1CucumberTest">
        <test-method is-config="true" signature="setUpClass(org.testng.ITestContext)[pri:0, instance:testrunner.DP1CucumberTest@1139b2f3]" started-at="2024-12-05T18:45:42 IST" name="setUpClass" finished-at="2024-12-05T18:45:43 IST" duration-ms="1074" status="PASS">
          <params>
            <param index="0">
              <value>
                <![CDATA[org.testng.TestRunner@2272cbb0]]>
              </value>
            </param>
          </params>
          <reporter-output>
          </reporter-output>
        </test-method> <!-- setUpClass -->
        <test-method signature="runScenario(io.cucumber.testng.PickleWrapper,io.cucumber.testng.FeatureWrapper)[pri:0, instance:testrunner.DP1CucumberTest@1139b2f3]" started-at="2024-12-05T18:45:43 IST" name="runScenario" description="Runs Cucumber Scenarios" data-provider="scenarios" finished-at="2024-12-05T18:49:19 IST" duration-ms="215871" status="PASS">
          <params>
            <param index="0">
              <value>
                <![CDATA["Check number of slides and duration of each slide on DP1 Home Page"]]>
              </value>
            </param>
            <param index="1">
              <value>
                <![CDATA["Validate slides DP1 Home Page"]]>
              </value>
            </param>
          </params>
          <reporter-output>
          </reporter-output>
        </test-method> <!-- runScenario -->
        <test-method is-config="true" signature="tearDownClass()[pri:0, instance:testrunner.DP1CucumberTest@1139b2f3]" started-at="2024-12-05T18:49:19 IST" name="tearDownClass" finished-at="2024-12-05T18:49:19 IST" duration-ms="157" status="PASS">
          <reporter-output>
          </reporter-output>
        </test-method> <!-- tearDownClass -->
      </class> <!-- testrunner.DP1CucumberTest -->
    </test> <!-- Surefire test -->
  </suite> <!-- Surefire suite -->
</testng-results>
