<?xml version="1.0" encoding="UTF-8"?>
<!-- Generated by org.testng.reporters.JUnitXMLReporter -->
<testsuite ignored="0" hostname="DESKTOP-FVJQ76B" failures="0" tests="2" name="Surefire test" time="155.56" errors="0" timestamp="2024-12-05T18:45:37 IST">
  <testcase classname="io.cucumber.testng.AbstractTestNGCucumberTests" name="runScenario" time="138.01"/>
  <testcase classname="io.cucumber.testng.AbstractTestNGCucumberTests" name="runScenario" time="16.137"/>
</testsuite> <!-- Surefire test -->
