<?xml version="1.0" encoding="UTF-8"?>
<testng-results ignored="0" total="1" passed="1" failed="0" skipped="0">
  <reporter-output>
  </reporter-output>
  <suite started-at="2024-12-05T18:49:23 IST" name="Surefire suite" finished-at="2024-12-05T18:49:53 IST" duration-ms="29906">
    <groups>
      <group name="cucumber">
        <method signature="AbstractTestNGCucumberTests.runScenario(io.cucumber.testng.PickleWrapper,io.cucumber.testng.FeatureWrapper)[pri:0, instance:testrunner.DP2CucumberTest@1139b2f3]" name="runScenario" class="io.cucumber.testng.AbstractTestNGCucumberTests"/>
      </group> <!-- cucumber -->
    </groups>
    <test started-at="2024-12-05T18:49:23 IST" name="Surefire test" finished-at="2024-12-05T18:49:53 IST" duration-ms="29906">
      <class name="testrunner.DP2CucumberTest">
        <test-method is-config="true" signature="setUpClass(org.testng.ITestContext)[pri:0, instance:testrunner.DP2CucumberTest@1139b2f3]" started-at="2024-12-05T18:49:23 IST" name="setUpClass" finished-at="2024-12-05T18:49:24 IST" duration-ms="1083" status="PASS">
          <params>
            <param index="0">
              <value>
                <![CDATA[org.testng.TestRunner@7c52fc81]]>
              </value>
            </param>
          </params>
          <reporter-output>
          </reporter-output>
        </test-method> <!-- setUpClass -->
        <test-method signature="runScenario(io.cucumber.testng.PickleWrapper,io.cucumber.testng.FeatureWrapper)[pri:0, instance:testrunner.DP2CucumberTest@1139b2f3]" started-at="2024-12-05T18:49:24 IST" name="runScenario" description="Runs Cucumber Scenarios" data-provider="scenarios" finished-at="2024-12-05T18:49:53 IST" duration-ms="28604" status="PASS">
          <params>
            <param index="0">
              <value>
                <![CDATA["Write all footer links into a csv file and report if any duplicate hyperlinks are present."]]>
              </value>
            </param>
            <param index="1">
              <value>
                <![CDATA["On DP2 Home Page, check for duplicates in footer links."]]>
              </value>
            </param>
          </params>
          <reporter-output>
          </reporter-output>
        </test-method> <!-- runScenario -->
        <test-method is-config="true" signature="tearDownClass()[pri:0, instance:testrunner.DP2CucumberTest@1139b2f3]" started-at="2024-12-05T18:49:53 IST" name="tearDownClass" finished-at="2024-12-05T18:49:53 IST" duration-ms="125" status="PASS">
          <reporter-output>
          </reporter-output>
        </test-method> <!-- tearDownClass -->
      </class> <!-- testrunner.DP2CucumberTest -->
    </test> <!-- Surefire test -->
  </suite> <!-- Surefire suite -->
</testng-results>
